<?xml version="1.0" encoding="UTF-8" ?>
<testsuite tests="17" failures="0" name="ua.pti.myatm.ATMTest" time="0.434" errors="0" skipped="0">
  <properties>
[...]
</properties>
  <testcase classname="ua.pti.myatm.ATMTest" name="testGetCashLessThanZero" time="0.386"/>
  <testcase classname="ua.pti.myatm.ATMTest" name="testInputNegativeAmountOfMoneyInATM" time="0"/>
  <testcase classname="ua.pti.myatm.ATMTest" name="testValidateCardNullCard" time="0"/>
  <testcase classname="ua.pti.myatm.ATMTest" name="testCheckBalanceVerify" time="0.016"/>
  <testcase classname="ua.pti.myatm.ATMTest" name="testGetCashNotEnoughMoneyInAccount" time="0.008"/>
  <testcase classname="ua.pti.myatm.ATMTest" name="testValidateCardWithInvalidPin" time="0.001"/>
  <testcase classname="ua.pti.myatm.ATMTest" name="testValidateValidCard" time="0.014"/>
  <testcase classname="ua.pti.myatm.ATMTest" name="testATMForOverflowInput" time="0.001"/>
  <testcase classname="ua.pti.myatm.ATMTest" name="testGetCash" time="0.004"/>
  <testcase classname="ua.pti.myatm.ATMTest" name="testValidateBlockedCard" time="0"/>
  <testcase classname="ua.pti.myatm.ATMTest" name="testGetMoneyInATM" time="0"/>
  <testcase classname="ua.pti.myatm.ATMTest" name="testInsertMoreThanOneCard" time="0"/>
  <testcase classname="ua.pti.myatm.ATMTest" name="testCheckBalance" time="0.002"/>
  <testcase classname="ua.pti.myatm.ATMTest" name="testGetCashNotEnoughMoneyInATM" time="0.001"/>
  <testcase classname="ua.pti.myatm.ATMTest" name="testGetCardFromATMIfCardIsNotInserted" time="0"/>
  <testcase classname="ua.pti.myatm.ATMTest" name="testInsertOnlyOneCard" time="0"/>
  <testcase classname="ua.pti.myatm.ATMTest" name="testGetCardFromATMMoreThanOneTime" time="0.001"/>
</testsuite>